[0m15:57:13.058265 [debug] [MainThread]: Sending event: {'category': 'dbt', 'action': 'invocation', 'label': 'start', 'context': [<snowplow_tracker.self_describing_json.SelfDescribingJson object at 0x00000271AA4FBF50>, <snowplow_tracker.self_describing_json.SelfDescribingJson object at 0x00000271AAE48B60>, <snowplow_tracker.self_describing_json.SelfDescribingJson object at 0x00000271A8093E30>]}
[0m15:57:13.076064 [debug] [MainThread]: An error was encountered while trying to send an event


============================== 15:57:13.076064 | 72d0048c-118d-4b58-b00a-d615472b6ba5 ==============================
[0m15:57:13.076064 [info ] [MainThread]: Running with dbt=1.9.1
[0m15:57:13.076605 [debug] [MainThread]: running dbt with arguments {'printer_width': '80', 'indirect_selection': 'eager', 'log_cache_events': 'False', 'write_json': 'True', 'partial_parse': 'True', 'cache_selected_only': 'False', 'warn_error': 'None', 'version_check': 'True', 'debug': 'False', 'log_path': 'logs', 'profiles_dir': 'C:\\Users\\felip\\.dbt', 'fail_fast': 'False', 'use_colors': 'True', 'use_experimental_parser': 'False', 'empty': 'None', 'quiet': 'False', 'no_print': 'None', 'log_format': 'default', 'static_parser': 'True', 'warn_error_options': 'WarnErrorOptions(include=[], exclude=[])', 'introspect': 'True', 'target_path': 'None', 'invocation_command': 'dbt init', 'send_anonymous_usage_stats': 'True'}
[0m17:03:49.083039 [debug] [MainThread]: Starter project path: C:\Users\felip\.pyenv\pyenv-win\versions\3.12.1\Lib\site-packages\dbt\include\starter_project
[0m17:03:49.248753 [info ] [MainThread]: 
Your new dbt project "northwind" was created!

For more information on how to configure the profiles.yml file,
please consult the dbt documentation here:

  https://docs.getdbt.com/docs/configure-your-profile

One more thing:

Need help? Don't hesitate to reach out to us via GitHub issues or on Slack:

  https://community.getdbt.com/

Happy modeling!

[0m17:03:49.259512 [info ] [MainThread]: Setting up your profile.
[0m17:14:54.073803 [info ] [MainThread]: Profile northwind written to C:\Users\felip\.dbt\profiles.yml using target's profile_template.yml and your supplied values. Run 'dbt debug' to validate the connection.
[0m17:14:54.102300 [debug] [MainThread]: Command `dbt init` succeeded at 17:14:54.092730 after 91061.20 seconds
[0m17:14:54.114841 [debug] [MainThread]: Sending event: {'category': 'dbt', 'action': 'invocation', 'label': 'end', 'context': [<snowplow_tracker.self_describing_json.SelfDescribingJson object at 0x00000271AAE6FE30>, <snowplow_tracker.self_describing_json.SelfDescribingJson object at 0x00000271AA4FBF50>, <snowplow_tracker.self_describing_json.SelfDescribingJson object at 0x00000271AA515BE0>]}
[0m17:14:54.117350 [debug] [MainThread]: An error was encountered while trying to send an event
[0m17:14:54.118349 [debug] [MainThread]: Flushing usage events
